#
# There is insufficient memory for the Java Runtime Environment to continue.
# Native memory allocation (mmap) failed to map 134217728 bytes for Failed to commit area from 0x0000000081600000 to 0x0000000089600000 of length 134217728.
# Possible reasons:
#   The system is out of physical RAM or swap space
#   The process is running with CompressedOops enabled, and the Java Heap may be blocking the growth of the native heap
# Possible solutions:
#   Reduce memory load on the system
#   Increase physical memory or swap space
#   Check if swap backing store is full
#   Decrease Java heap size (-Xmx/-Xms)
#   Decrease number of Java threads
#   Decrease Java thread stack sizes (-Xss)
#   Set larger code cache with -XX:ReservedCodeCacheSize=
# This output file may be truncated or incomplete.
#
#  Out of Memory Error (t:/workspace/open/src/hotspot/os/windows/os_windows.cpp:3254), pid=4884, tid=11492
#
# JRE version:  (12.0.1+12) (build )
# Java VM: Java HotSpot(TM) 64-Bit Server VM (12.0.1+12, mixed mode, aot, sharing, tiered, compressed oops, g1 gc, windows-amd64)
# No core dump will be written. Minidumps are not enabled by default on client versions of Windows
#

---------------  S U M M A R Y ------------

Command Line: -Dfile.encoding=UTF-8 DataTypes.AllDataTypes

Host: Intel(R) Core(TM) i7-4610M CPU @ 3.00GHz, 4 cores, 7G,  Windows 10 , 64 bit Build 18362 (10.0.18362.959)
Time: Mon Jul 20 14:54:39 2020 Eastern Daylight Time elapsed time: 0 seconds (0d 0h 0m 0s)

---------------  T H R E A D  ---------------

Current thread (0x000001fb7fc76000):  JavaThread "Unknown thread" [_thread_in_vm, id=11492, stack(0x0000003f71f00000,0x0000003f72000000)]

Stack: [0x0000003f71f00000,0x0000003f72000000]
Native frames: (J=compiled Java code, j=interpreted, Vv=VM code, C=native code)
V  [jvm.dll+0x63948a]
V  [jvm.dll+0x78b31f]
V  [jvm.dll+0x78c9c1]
V  [jvm.dll+0x78d013]
V  [jvm.dll+0x262138]
V  [jvm.dll+0x63698a]
V  [jvm.dll+0x62b505]
V  [jvm.dll+0x31d9bc]
V  [jvm.dll+0x31d7ef]
V  [jvm.dll+0x323526]
V  [jvm.dll+0x370f76]
V  [jvm.dll+0x370750]
V  [jvm.dll+0x2f786a]
V  [jvm.dll+0x2f8af2]
V  [jvm.dll+0x7657b7]
V  [jvm.dll+0x766e95]
V  [jvm.dll+0x37f089]
V  [jvm.dll+0x749b14]
V  [jvm.dll+0x3ee48d]
V  [jvm.dll+0x3f03c1]
C  [jli.dll+0x51cf]
C  [ucrtbase.dll+0x20e82]
C  [KERNEL32.DLL+0x17bd4]
C  [ntdll.dll+0x6ce51]


---------------  P R O C E S S  ---------------

Threads class SMR info:
_java_thread_list=0x00007ff9b5b648e8, length=0, elements={
}

Java Threads: ( => current thread )

Other Threads:
  0x000001fb7fcb7800 GCTaskThread "GC Thread#0" [stack: 0x0000003f72000000,0x0000003f72100000] [id=11964]
  0x000001fb7fcc5800 ConcurrentGCThread "G1 Main Marker" [stack: 0x0000003f72100000,0x0000003f72200000] [id=18328]
  0x000001fb7fcc8800 ConcurrentGCThread "G1 Conc#0" [stack: 0x0000003f72200000,0x0000003f72300000] [id=17564]

[error occurred during error reporting (printing all threads), id 0xc0000005, EXCEPTION_ACCESS_VIOLATION (0xc0000005) at pc=0x00007ff9b5397a37]

VM state:not at safepoint (not fully initialized)

VM Mutex/Monitor currently owned by a thread:  ([mutex/lock_event])
[0x000001fb7fc75960] Heap_lock - owner thread: 0x000001fb7fc76000

Heap address: 0x0000000081600000, size: 2026 MB, Compressed Oops mode: Non-zero based: 0x0000000081600000
Narrow klass base: 0x0000000000000000, Narrow klass shift: 0

GC Heap History (0 events):
No events

Deoptimization events (0 events):
No events

Classes redefined (0 events):
No events

Internal exceptions (0 events):
No events

Events (0 events):
No events


Dynamic libraries:
0x00007ff705300000 - 0x00007ff70530f000 	C:\Program Files\Java\jdk-12.0.1\bin\javaw.exe
0x00007ffa19a40000 - 0x00007ffa19c30000 	C:\WINDOWS\SYSTEM32\ntdll.dll
0x00007ff9e3d10000 - 0x00007ff9e3d23000 	C:\Program Files\AVAST Software\Avast\aswhook.dll
0x00007ffa181a0000 - 0x00007ffa18252000 	C:\WINDOWS\System32\KERNEL32.DLL
0x00007ffa177e0000 - 0x00007ffa17a84000 	C:\WINDOWS\System32\KERNELBASE.dll
0x00007ffa17410000 - 0x00007ffa1750a000 	C:\WINDOWS\System32\ucrtbase.dll
0x00007ffa10d80000 - 0x00007ffa10d98000 	C:\Program Files\Java\jdk-12.0.1\bin\jli.dll
0x00007ffa17b00000 - 0x00007ffa17ba3000 	C:\WINDOWS\System32\ADVAPI32.dll
0x00007ffa195b0000 - 0x00007ffa1964e000 	C:\WINDOWS\System32\msvcrt.dll
0x00007ffa17bb0000 - 0x00007ffa17c47000 	C:\WINDOWS\System32\sechost.dll
0x00007ffa196d0000 - 0x00007ffa197f0000 	C:\WINDOWS\System32\RPCRT4.dll
0x00007ffa19860000 - 0x00007ffa199f4000 	C:\WINDOWS\System32\USER32.dll
0x00007ffa16b40000 - 0x00007ffa16b61000 	C:\WINDOWS\System32\win32u.dll
0x00007ffa18850000 - 0x00007ffa18876000 	C:\WINDOWS\System32\GDI32.dll
0x00007ffa17640000 - 0x00007ffa177d6000 	C:\WINDOWS\System32\gdi32full.dll
0x00007ffa17320000 - 0x00007ffa173be000 	C:\WINDOWS\System32\msvcp_win.dll
0x00007ff9fc7d0000 - 0x00007ff9fc7e6000 	C:\Program Files\Java\jdk-12.0.1\bin\VCRUNTIME140.dll
0x00007ffa0a140000 - 0x00007ffa0a3c4000 	C:\WINDOWS\WinSxS\amd64_microsoft.windows.common-controls_6595b64144ccf1df_6.0.18362.959_none_e6c7bbbf130c62bb\COMCTL32.dll
0x00007ffa17cb0000 - 0x00007ffa17fe5000 	C:\WINDOWS\System32\combase.dll
0x00007ffa175c0000 - 0x00007ffa17640000 	C:\WINDOWS\System32\bcryptPrimitives.dll
0x00007ffa0f3b0000 - 0x00007ffa0f3ba000 	C:\WINDOWS\SYSTEM32\VERSION.dll
0x00007ffa187a0000 - 0x00007ffa187ce000 	C:\WINDOWS\System32\IMM32.DLL
0x00007ffa009b0000 - 0x00007ffa00a5a000 	C:\Program Files\Java\jdk-12.0.1\bin\msvcp140.dll
0x00007ff9b5090000 - 0x00007ff9b5c04000 	C:\Program Files\Java\jdk-12.0.1\bin\server\jvm.dll
0x00007ffa18890000 - 0x00007ffa18898000 	C:\WINDOWS\System32\PSAPI.DLL
0x00007ffa09550000 - 0x00007ffa09559000 	C:\WINDOWS\SYSTEM32\WSOCK32.dll
0x00007ffa19190000 - 0x00007ffa191ff000 	C:\WINDOWS\System32\WS2_32.dll
0x00007ffa13560000 - 0x00007ffa13584000 	C:\WINDOWS\SYSTEM32\WINMM.dll
0x00007ffa13530000 - 0x00007ffa1355d000 	C:\WINDOWS\SYSTEM32\WINMMBASE.dll
0x00007ffa173c0000 - 0x00007ffa1740a000 	C:\WINDOWS\System32\cfgmgr32.dll
0x00007ffa16900000 - 0x00007ffa16911000 	C:\WINDOWS\System32\kernel.appcore.dll
0x00007ff9fc4c0000 - 0x00007ff9fc4d1000 	C:\Program Files\Java\jdk-12.0.1\bin\verify.dll
0x00007ffa0bf60000 - 0x00007ffa0c154000 	C:\WINDOWS\SYSTEM32\DBGHELP.DLL
0x00007ffa0bf10000 - 0x00007ffa0bf3a000 	C:\WINDOWS\SYSTEM32\dbgcore.DLL
0x00007ff9b82c0000 - 0x00007ff9b82e6000 	C:\Program Files\Java\jdk-12.0.1\bin\java.dll
0x00007ff9b7c70000 - 0x00007ff9b7c87000 	C:\Program Files\Java\jdk-12.0.1\bin\zip.dll
0x00007ff9fcad0000 - 0x00007ff9fcada000 	C:\Program Files\Java\jdk-12.0.1\bin\jimage.dll

dbghelp: loaded successfully - version: 4.0.5 - missing functions: none
symbol engine: initialized successfully - sym options: 0x614 - pdb path: .;C:\Program Files\Java\jdk-12.0.1\bin;C:\WINDOWS\SYSTEM32;C:\Program Files\AVAST Software\Avast;C:\WINDOWS\WinSxS\amd64_microsoft.windows.common-controls_6595b64144ccf1df_6.0.18362.959_none_e6c7bbbf130c62bb;C:\Program Files\Java\jdk-12.0.1\bin\server

VM Arguments:
jvm_args: -Dfile.encoding=UTF-8 
java_command: DataTypes.AllDataTypes
java_class_path (initial): C:\Users\Mo\Projects\Selenium\eclipse-workspace\JavaTutorial\target\test-classes;C:\Users\Mo\Projects\Selenium\eclipse-workspace\JavaTutorial\target\classes;C:\Users\Mo\.m2\repository\org\testng\testng\6.8\testng-6.8.jar;C:\Users\Mo\.m2\repository\junit\junit\4.10\junit-4.10.jar;C:\Users\Mo\.m2\repository\org\beanshell\bsh\2.0b4\bsh-2.0b4.jar;C:\Users\Mo\.m2\repository\com\beust\jcommander\1.27\jcommander-1.27.jar;C:\Users\Mo\.m2\repository\org\yaml\snakeyaml\1.6\snakeyaml-1.6.jar;C:\Users\Mo\.m2\repository\com\opencsv\opencsv\3.3\opencsv-3.3.jar;C:\Users\Mo\.m2\repository\org\apache\commons\commons-lang3\3.3.2\commons-lang3-3.3.2.jar;C:\Users\Mo\.m2\repository\org\apache\poi\poi\3.17-beta1\poi-3.17-beta1.jar;C:\Users\Mo\.m2\repository\commons-codec\commons-codec\1.10\commons-codec-1.10.jar;C:\Users\Mo\.m2\repository\org\apache\commons\commons-collections4\4.1\commons-collections4-4.1.jar;C:\Users\Mo\.m2\repository\org\apache\poi\poi-ooxml\3.17-beta1\poi-ooxml-3.17-beta1.jar;C:\Users\Mo\.m2\repository\org\apache\poi\poi-ooxml-schemas\3.17-beta1\poi-ooxml-schemas-3.17-beta1.jar;C:\Users\Mo\.m2\repository\org\apache\xmlbeans\xmlbeans\2.6.0\xmlbeans-2.6.0.jar;C:\Users\Mo\.m2\repository\stax\stax-api\1.0.1\stax-api-1.0.1.jar;C:\Users\Mo\.m2\repository\com\github\virtuald\curvesapi\1.04\curvesapi-1.04.jar;C:\Users\Mo\.m2\repository\org\seleniumhq\selenium\selenium-chrome-driver\3.9.1\selenium-chrome-driver-3.9.1.jar;C:\Users\Mo\.m2\repository\org\seleniumhq\selenium\selenium-api\3.9.1\selenium-api-3.9.1.jar;C:\Users\Mo\.m2\repository\org\seleniumhq\selenium\selenium-remote-driver\3.9.1\selenium-remote-driver-3.9.1.jar;C:\Users\Mo\.m2\repository\net\bytebuddy\byte-buddy\1.7.9\byte-buddy-1.7.9.jar;C:\Users\Mo\.m2\repository\org\apache\commons\commons-exec\1.3\commons-exec-1.3.jar;C:\Users\Mo\.m2\repository\commons-logging\commons-logging\1.2\commons-logging-1.2.jar;C:\Users\Mo\.m2\repository\com\google\code\gson\gson\2.8.2\gson-2.8.2.jar;C:\Use
Launcher Type: SUN_STANDARD

[Global flags]
     intx CICompilerCount                          = 3                                         {product} {ergonomic}
     uint ConcGCThreads                            = 1                                         {product} {ergonomic}
     uint G1ConcRefinementThreads                  = 4                                         {product} {ergonomic}
   size_t G1HeapRegionSize                         = 1048576                                   {product} {ergonomic}
    uintx GCDrainStackTargetSize                   = 64                                        {product} {ergonomic}
   size_t InitialHeapSize                          = 134217728                                 {product} {ergonomic}
   size_t MarkStackSize                            = 4194304                                   {product} {ergonomic}
   size_t MaxHeapSize                              = 2124414976                                {product} {ergonomic}
   size_t MinHeapDeltaBytes                        = 1048576                                   {product} {ergonomic}
    uintx NonNMethodCodeHeapSize                   = 5830732                                {pd product} {ergonomic}
    uintx NonProfiledCodeHeapSize                  = 122913754                              {pd product} {ergonomic}
    uintx ProfiledCodeHeapSize                     = 122913754                              {pd product} {ergonomic}
    uintx ReservedCodeCacheSize                    = 251658240                              {pd product} {ergonomic}
     bool SegmentedCodeCache                       = true                                      {product} {ergonomic}
     bool UseCompressedClassPointers               = true                                 {lp64_product} {ergonomic}
     bool UseCompressedOops                        = true                                 {lp64_product} {ergonomic}
     bool UseG1GC                                  = true                                      {product} {ergonomic}
     bool UseLargePagesIndividualAllocation        = false                                  {pd product} {ergonomic}

Logging:
Log output configuration:
 #0: stdout all=warning uptime,level,tags
 #1: stderr all=off uptime,level,tags

Environment Variables:
PATH=C:/Program Files/Java/jdk-12.0.1/bin/server;C:/Program Files/Java/jdk-12.0.1/bin;C:\Program Files (x86)\Common Files\Oracle\Java\javapath;C:\WINDOWS\system32;C:\WINDOWS;C:\WINDOWS\System32\Wbem;C:\WINDOWS\System32\WindowsPowerShell\v1.0\;C:\WINDOWS\System32\OpenSSH\;C:\Program Files (x86)\DevDesktop\tools;C:\Program Files (x86)\DevDesktop\drush_9;C:\Program Files\Git\cmd;C:\Program Files\Git\bin;;C:\Program Files\Docker\Docker\resources\bin;C:\ProgramData\DockerDesktop\version-bin;C:\Users\Mo\AppData\Local\Microsoft\WindowsApps;C:\Program Files\Git\bin;C:\Program Files\Git\cmd;;C:\Program Files\Docker Toolbox;C:\Users\Mo\eclipse\java-2019-06\eclipse;
USERNAME=Mo
OS=Windows_NT
PROCESSOR_IDENTIFIER=Intel64 Family 6 Model 60 Stepping 3, GenuineIntel



---------------  S Y S T E M  ---------------

OS: Windows 10 , 64 bit Build 18362 (10.0.18362.959)

CPU:total 4 (initial active 4) (2 cores per cpu, 2 threads per core) family 6 model 60 stepping 3, cmov, cx8, fxsr, mmx, sse, sse2, sse3, ssse3, sse4.1, sse4.2, popcnt, avx, avx2, aes, clmul, erms, lzcnt, ht, tsc, tscinvbit, bmi1, bmi2, fma

Memory: 4k page, system-wide physical 8097M (327M free)
TotalPageFile size 32673M (AvailPageFile size 9M)
current process WorkingSet (physical memory assigned to process): 10M, peak: 10M
current process commit charge ("private bytes"): 52M, peak: 180M

vm_info: Java HotSpot(TM) 64-Bit Server VM (12.0.1+12) for windows-amd64 JRE (12.0.1+12), built on Apr  2 2019 14:02:19 by "mach5one" with MS VC++ 15.5 (VS2017)

END.
